<?xml version="1.0" encoding="UTF-8"?>
<testng-results ignored="0" total="3" passed="2" failed="1" skipped="0">
  <reporter-output>
  </reporter-output>
  <suite started-at="2024-02-24T10:26:57 IST" name="Default suite" finished-at="2024-02-24T10:27:26 IST" duration-ms="29220">
    <groups>
    </groups>
    <test started-at="2024-02-24T10:26:57 IST" name="Default test" finished-at="2024-02-24T10:27:26 IST" duration-ms="29220">
      <class name="com.automation.testcase.TestCases">
        <test-method is-config="true" signature="openBrowser()[pri:0, instance:com.automation.testcase.TestCases@55141def]" started-at="2024-02-24T10:26:57 IST" name="openBrowser" finished-at="2024-02-24T10:27:02 IST" duration-ms="5454" status="PASS">
          <reporter-output>
          </reporter-output>
        </test-method> <!-- openBrowser -->
        <test-method signature="searchLaptop()[pri:1, instance:com.automation.testcase.TestCases@55141def]" started-at="2024-02-24T10:27:02 IST" name="searchLaptop" finished-at="2024-02-24T10:27:07 IST" duration-ms="4163" status="PASS">
          <reporter-output>
          </reporter-output>
        </test-method> <!-- searchLaptop -->
        <test-method is-config="true" signature="closeBrowser()[pri:0, instance:com.automation.testcase.TestCases@55141def]" started-at="2024-02-24T10:27:07 IST" name="closeBrowser" finished-at="2024-02-24T10:27:07 IST" duration-ms="281" status="PASS">
          <reporter-output>
          </reporter-output>
        </test-method> <!-- closeBrowser -->
        <test-method is-config="true" signature="openBrowser()[pri:0, instance:com.automation.testcase.TestCases@55141def]" started-at="2024-02-24T10:27:07 IST" name="openBrowser" finished-at="2024-02-24T10:27:10 IST" duration-ms="3447" status="PASS">
          <reporter-output>
          </reporter-output>
        </test-method> <!-- openBrowser -->
        <test-method signature="checkPriceFilter()[pri:2, instance:com.automation.testcase.TestCases@55141def]" started-at="2024-02-24T10:27:10 IST" name="checkPriceFilter" finished-at="2024-02-24T10:27:17 IST" duration-ms="6908" status="PASS">
          <reporter-output>
          </reporter-output>
        </test-method> <!-- checkPriceFilter -->
        <test-method is-config="true" signature="closeBrowser()[pri:0, instance:com.automation.testcase.TestCases@55141def]" started-at="2024-02-24T10:27:17 IST" name="closeBrowser" finished-at="2024-02-24T10:27:18 IST" duration-ms="336" status="PASS">
          <reporter-output>
          </reporter-output>
        </test-method> <!-- closeBrowser -->
        <test-method is-config="true" signature="openBrowser()[pri:0, instance:com.automation.testcase.TestCases@55141def]" started-at="2024-02-24T10:27:18 IST" name="openBrowser" finished-at="2024-02-24T10:27:22 IST" duration-ms="4391" status="PASS">
          <reporter-output>
          </reporter-output>
        </test-method> <!-- openBrowser -->
        <test-method signature="checkBrandFilter()[pri:3, instance:com.automation.testcase.TestCases@55141def]" started-at="2024-02-24T10:27:22 IST" name="checkBrandFilter" finished-at="2024-02-24T10:27:26 IST" duration-ms="3961" status="FAIL">
          <exception class="org.openqa.selenium.NoSuchElementException">
            <message>
              <![CDATA[Unable to find element with locator By.xpath: //input[@id='twotabsearchtextbox']
For documentation on this error, please visit: https://www.selenium.dev/documentation/webdriver/troubleshooting/errors#no-such-element-exception
Build info: version: '4.18.0', revision: 'b6bf9de7cc*'
System info: os.name: 'Windows 11', os.arch: 'amd64', os.version: '10.0', java.version: '20.0.2'
Driver info: driver.version: RemoteWebDriver]]>
            </message>
            <full-stacktrace>
              <![CDATA[org.openqa.selenium.NoSuchElementException: Unable to find element with locator By.xpath: //input[@id='twotabsearchtextbox']
For documentation on this error, please visit: https://www.selenium.dev/documentation/webdriver/troubleshooting/errors#no-such-element-exception
Build info: version: '4.18.0', revision: 'b6bf9de7cc*'
System info: os.name: 'Windows 11', os.arch: 'amd64', os.version: '10.0', java.version: '20.0.2'
Driver info: driver.version: RemoteWebDriver
at org.openqa.selenium.remote.ElementLocation$ElementFinder$2.findElement(ElementLocation.java:168)
at org.openqa.selenium.remote.ElementLocation.findElement(ElementLocation.java:59)
at org.openqa.selenium.remote.RemoteWebDriver.findElement(RemoteWebDriver.java:356)
at org.openqa.selenium.remote.RemoteWebDriver.findElement(RemoteWebDriver.java:350)
at com.automation.pages.HomePage.enterProductName(HomePage.java:24)
at com.automation.pages.Filterfunc.brandFilter(Filterfunc.java:61)
at com.automation.testcase.TestCases.checkBrandFilter(TestCases.java:78)
at java.base/jdk.internal.reflect.DirectMethodHandleAccessor.invoke(DirectMethodHandleAccessor.java:104)
at java.base/java.lang.reflect.Method.invoke(Method.java:578)
at org.testng.internal.invokers.MethodInvocationHelper.invokeMethod(MethodInvocationHelper.java:139)
at org.testng.internal.invokers.TestInvoker.invokeMethod(TestInvoker.java:664)
at org.testng.internal.invokers.TestInvoker.invokeTestMethod(TestInvoker.java:227)
at org.testng.internal.invokers.MethodRunner.runInSequence(MethodRunner.java:50)
at org.testng.internal.invokers.TestInvoker$MethodInvocationAgent.invoke(TestInvoker.java:957)
at org.testng.internal.invokers.TestInvoker.invokeTestMethods(TestInvoker.java:200)
at org.testng.internal.invokers.TestMethodWorker.invokeTestMethods(TestMethodWorker.java:148)
at org.testng.internal.invokers.TestMethodWorker.run(TestMethodWorker.java:128)
at java.base/java.util.ArrayList.forEach(ArrayList.java:1511)
at org.testng.TestRunner.privateRun(TestRunner.java:848)
at org.testng.TestRunner.run(TestRunner.java:621)
at org.testng.SuiteRunner.runTest(SuiteRunner.java:443)
at org.testng.SuiteRunner.runSequentially(SuiteRunner.java:437)
at org.testng.SuiteRunner.privateRun(SuiteRunner.java:397)
at org.testng.SuiteRunner.run(SuiteRunner.java:336)
at org.testng.SuiteRunnerWorker.runSuite(SuiteRunnerWorker.java:52)
at org.testng.SuiteRunnerWorker.run(SuiteRunnerWorker.java:95)
at org.testng.TestNG.runSuitesSequentially(TestNG.java:1280)
at org.testng.TestNG.runSuitesLocally(TestNG.java:1200)
at org.testng.TestNG.runSuites(TestNG.java:1114)
at org.testng.TestNG.run(TestNG.java:1082)
at org.testng.remote.AbstractRemoteTestNG.run(AbstractRemoteTestNG.java:115)
at org.testng.remote.RemoteTestNG.initAndRun(RemoteTestNG.java:251)
at org.testng.remote.RemoteTestNG.main(RemoteTestNG.java:77)
]]>
            </full-stacktrace>
          </exception> <!-- org.openqa.selenium.NoSuchElementException -->
          <reporter-output>
          </reporter-output>
        </test-method> <!-- checkBrandFilter -->
        <test-method is-config="true" signature="closeBrowser()[pri:0, instance:com.automation.testcase.TestCases@55141def]" started-at="2024-02-24T10:27:26 IST" name="closeBrowser" finished-at="2024-02-24T10:27:26 IST" duration-ms="210" status="PASS">
          <reporter-output>
          </reporter-output>
        </test-method> <!-- closeBrowser -->
      </class> <!-- com.automation.testcase.TestCases -->
    </test> <!-- Default test -->
  </suite> <!-- Default suite -->
</testng-results>
